# JRE version: Java(TM) SE Runtime Environment (8.0_181-b13) (build 1.8.0_181-b13)
# Java VM: Java HotSpot(TM) 64-Bit Server VM (25.181-b13 mixed mode windows-amd64 compressed oops)
Heap:
 PSYoungGen      total 246784K, used 23636K [0x00000000eb180000, 0x00000000fb800000, 0x0000000100000000)
  eden space 237056K, 9% used [0x00000000eb180000,0x00000000ec895350,0x00000000f9900000)
  from space 9728K, 0% used [0x00000000fae80000,0x00000000fae80000,0x00000000fb800000)
  to   space 15872K, 0% used [0x00000000f9900000,0x00000000f9900000,0x00000000fa880000)
 ParOldGen       total 66560K, used 23277K [0x00000000c1400000, 0x00000000c5500000, 0x00000000eb180000)
  object space 66560K, 34% used [0x00000000c1400000,0x00000000c2abb5e8,0x00000000c5500000)
 Metaspace       used 57872K, capacity 60482K, committed 60672K, reserved 1101824K
  class space    used 7648K, capacity 8117K, committed 8192K, reserved 1048576K
GC Heap History (10 events):
Event: 6.121 GC heap before
{Heap before GC invocations=11 (full 1):
 PSYoungGen      total 133632K, used 103516K [0x00000000eb180000, 0x00000000f7480000, 0x0000000100000000)
  eden space 125952K, 76% used [0x00000000eb180000,0x00000000f0f1b098,0x00000000f2c80000)
  from space 7680K, 99% used [0x00000000f2c80000,0x00000000f33fc2d0,0x00000000f3400000)
  to   space 9728K, 0% used [0x00000000f6b00000,0x00000000f6b00000,0x00000000f7480000)
 ParOldGen       total 30208K, used 8876K [0x00000000c1400000, 0x00000000c3180000, 0x00000000eb180000)
  object space 30208K, 29% used [0x00000000c1400000,0x00000000c1cab368,0x00000000c3180000)
 Metaspace       used 33635K, capacity 35330K, committed 35416K, reserved 1081344K
  class space    used 4269K, capacity 4570K, committed 4608K, reserved 1048576K
Event: 6.135 GC heap after
Heap after GC invocations=11 (full 1):
 PSYoungGen      total 186368K, used 9716K [0x00000000eb180000, 0x00000000f7480000, 0x0000000100000000)
  eden space 176640K, 0% used [0x00000000eb180000,0x00000000eb180000,0x00000000f5e00000)
  from space 9728K, 99% used [0x00000000f6b00000,0x00000000f747d260,0x00000000f7480000)
  to   space 11264K, 0% used [0x00000000f5e80000,0x00000000f5e80000,0x00000000f6980000)
 ParOldGen       total 30208K, used 9167K [0x00000000c1400000, 0x00000000c3180000, 0x00000000eb180000)
  object space 30208K, 30% used [0x00000000c1400000,0x00000000c1cf3f80,0x00000000c3180000)
 Metaspace       used 33635K, capacity 35330K, committed 35416K, reserved 1081344K
  class space    used 4269K, capacity 4570K, committed 4608K, reserved 1048576K
}
Event: 6.135 GC heap before
{Heap before GC invocations=12 (full 2):
 PSYoungGen      total 186368K, used 9716K [0x00000000eb180000, 0x00000000f7480000, 0x0000000100000000)
  eden space 176640K, 0% used [0x00000000eb180000,0x00000000eb180000,0x00000000f5e00000)
  from space 9728K, 99% used [0x00000000f6b00000,0x00000000f747d260,0x00000000f7480000)
  to   space 11264K, 0% used [0x00000000f5e80000,0x00000000f5e80000,0x00000000f6980000)
 ParOldGen       total 30208K, used 9167K [0x00000000c1400000, 0x00000000c3180000, 0x00000000eb180000)
  object space 30208K, 30% used [0x00000000c1400000,0x00000000c1cf3f80,0x00000000c3180000)
 Metaspace       used 33635K, capacity 35330K, committed 35416K, reserved 1081344K
  class space    used 4269K, capacity 4570K, committed 4608K, reserved 1048576K
Event: 6.193 GC heap after
Heap after GC invocations=12 (full 2):
 PSYoungGen      total 186368K, used 0K [0x00000000eb180000, 0x00000000f7480000, 0x0000000100000000)
  eden space 176640K, 0% used [0x00000000eb180000,0x00000000eb180000,0x00000000f5e00000)
  from space 9728K, 0% used [0x00000000f6b00000,0x00000000f6b00000,0x00000000f7480000)
  to   space 11264K, 0% used [0x00000000f5e80000,0x00000000f5e80000,0x00000000f6980000)
 ParOldGen       total 46080K, used 15218K [0x00000000c1400000, 0x00000000c4100000, 0x00000000eb180000)
  object space 46080K, 33% used [0x00000000c1400000,0x00000000c22dc9f0,0x00000000c4100000)
 Metaspace       used 33635K, capacity 35330K, committed 35416K, reserved 1081344K
  class space    used 4269K, capacity 4570K, committed 4608K, reserved 1048576K
}
Event: 9.459 GC heap before
{Heap before GC invocations=13 (full 2):
 PSYoungGen      total 186368K, used 176640K [0x00000000eb180000, 0x00000000f7480000, 0x0000000100000000)
  eden space 176640K, 100% used [0x00000000eb180000,0x00000000f5e00000,0x00000000f5e00000)
  from space 9728K, 0% used [0x00000000f6b00000,0x00000000f6b00000,0x00000000f7480000)
  to   space 11264K, 0% used [0x00000000f5e80000,0x00000000f5e80000,0x00000000f6980000)
 ParOldGen       total 46080K, used 15218K [0x00000000c1400000, 0x00000000c4100000, 0x00000000eb180000)
  object space 46080K, 33% used [0x00000000c1400000,0x00000000c22dc9f0,0x00000000c4100000)
 Metaspace       used 51436K, capacity 53572K, committed 53632K, reserved 1095680K
  class space    used 6854K, capacity 7272K, committed 7296K, reserved 1048576K
Event: 9.500 GC heap after
Heap after GC invocations=13 (full 2):
 PSYoungGen      total 188416K, used 11257K [0x00000000eb180000, 0x00000000fbe80000, 0x0000000100000000)
  eden space 177152K, 0% used [0x00000000eb180000,0x00000000eb180000,0x00000000f5e80000)
  from space 11264K, 99% used [0x00000000f5e80000,0x00000000f697e628,0x00000000f6980000)
  to   space 16384K, 0% used [0x00000000fae80000,0x00000000fae80000,0x00000000fbe80000)
 ParOldGen       total 46080K, used 25371K [0x00000000c1400000, 0x00000000c4100000, 0x00000000eb180000)
  object space 46080K, 55% used [0x00000000c1400000,0x00000000c2cc6f48,0x00000000c4100000)
 Metaspace       used 51436K, capacity 53572K, committed 53632K, reserved 1095680K
  class space    used 6854K, capacity 7272K, committed 7296K, reserved 1048576K
}
Event: 20.494 GC heap before
{Heap before GC invocations=14 (full 2):
 PSYoungGen      total 188416K, used 71260K [0x00000000eb180000, 0x00000000fbe80000, 0x0000000100000000)
  eden space 177152K, 33% used [0x00000000eb180000,0x00000000eec18dc8,0x00000000f5e80000)
  from space 11264K, 99% used [0x00000000f5e80000,0x00000000f697e628,0x00000000f6980000)
  to   space 16384K, 0% used [0x00000000fae80000,0x00000000fae80000,0x00000000fbe80000)
 ParOldGen       total 46080K, used 25371K [0x00000000c1400000, 0x00000000c4100000, 0x00000000eb180000)
  object space 46080K, 55% used [0x00000000c1400000,0x00000000c2cc6f48,0x00000000c4100000)
 Metaspace       used 56554K, capacity 58974K, committed 59028K, reserved 1099776K
  class space    used 7489K, capacity 7929K, committed 7936K, reserved 1048576K
Event: 20.526 GC heap after
Heap after GC invocations=14 (full 2):
 PSYoungGen      total 246784K, used 5772K [0x00000000eb180000, 0x00000000fb800000, 0x0000000100000000)
  eden space 237056K, 0% used [0x00000000eb180000,0x00000000eb180000,0x00000000f9900000)
  from space 9728K, 59% used [0x00000000fae80000,0x00000000fb4230d0,0x00000000fb800000)
  to   space 15872K, 0% used [0x00000000f9900000,0x00000000f9900000,0x00000000fa880000)
 ParOldGen       total 46080K, used 33450K [0x00000000c1400000, 0x00000000c4100000, 0x00000000eb180000)
  object space 46080K, 72% used [0x00000000c1400000,0x00000000c34aaa88,0x00000000c4100000)
 Metaspace       used 56554K, capacity 58974K, committed 59028K, reserved 1099776K
  class space    used 7489K, capacity 7929K, committed 7936K, reserved 1048576K
}
Event: 20.527 GC heap before
{Heap before GC invocations=15 (full 3):
 PSYoungGen      total 246784K, used 5772K [0x00000000eb180000, 0x00000000fb800000, 0x0000000100000000)
  eden space 237056K, 0% used [0x00000000eb180000,0x00000000eb180000,0x00000000f9900000)
  from space 9728K, 59% used [0x00000000fae80000,0x00000000fb4230d0,0x00000000fb800000)
  to   space 15872K, 0% used [0x00000000f9900000,0x00000000f9900000,0x00000000fa880000)
 ParOldGen       total 46080K, used 33450K [0x00000000c1400000, 0x00000000c4100000, 0x00000000eb180000)
  object space 46080K, 72% used [0x00000000c1400000,0x00000000c34aaa88,0x00000000c4100000)
 Metaspace       used 56554K, capacity 58974K, committed 59028K, reserved 1099776K
  class space    used 7489K, capacity 7929K, committed 7936K, reserved 1048576K
Event: 20.688 GC heap after
Heap after GC invocations=15 (full 3):
 PSYoungGen      total 246784K, used 0K [0x00000000eb180000, 0x00000000fb800000, 0x0000000100000000)
  eden space 237056K, 0% used [0x00000000eb180000,0x00000000eb180000,0x00000000f9900000)
  from space 9728K, 0% used [0x00000000fae80000,0x00000000fae80000,0x00000000fb800000)
  to   space 15872K, 0% used [0x00000000f9900000,0x00000000f9900000,0x00000000fa880000)
 ParOldGen       total 66560K, used 23277K [0x00000000c1400000, 0x00000000c5500000, 0x00000000eb180000)
  object space 66560K, 34% used [0x00000000c1400000,0x00000000c2abb5e8,0x00000000c5500000)
 Metaspace       used 56554K, capacity 58974K, committed 59028K, reserved 1099776K
  class space    used 7489K, capacity 7929K, committed 7936K, reserved 1048576K
}

