# JRE version: Java(TM) SE Runtime Environment (8.0_181-b13) (build 1.8.0_181-b13)
# Java VM: Java HotSpot(TM) 64-Bit Server VM (25.181-b13 mixed mode windows-amd64 compressed oops)
Heap:
 PSYoungGen      total 236544K, used 84028K [0x00000000eb180000, 0x00000000faf00000, 0x0000000100000000)
  eden space 227840K, 36% used [0x00000000eb180000,0x00000000f038f3c0,0x00000000f9000000)
  from space 8704K, 0% used [0x00000000fa680000,0x00000000fa680000,0x00000000faf00000)
  to   space 15872K, 0% used [0x00000000f9000000,0x00000000f9000000,0x00000000f9f80000)
 ParOldGen       total 70144K, used 23532K [0x00000000c1400000, 0x00000000c5880000, 0x00000000eb180000)
  object space 70144K, 33% used [0x00000000c1400000,0x00000000c2afb140,0x00000000c5880000)
 Metaspace       used 65622K, capacity 68246K, committed 68480K, reserved 1110016K
  class space    used 8316K, capacity 8772K, committed 8832K, reserved 1048576K
GC Heap History (10 events):
Event: 6.669 GC heap before
{Heap before GC invocations=11 (full 1):
 PSYoungGen      total 134656K, used 100401K [0x00000000eb180000, 0x00000000f7100000, 0x0000000100000000)
  eden space 126976K, 73% used [0x00000000eb180000,0x00000000f0c139c8,0x00000000f2d80000)
  from space 7680K, 99% used [0x00000000f2d80000,0x00000000f34f8cd0,0x00000000f3500000)
  to   space 9728K, 0% used [0x00000000f6780000,0x00000000f6780000,0x00000000f7100000)
 ParOldGen       total 30720K, used 8609K [0x00000000c1400000, 0x00000000c3200000, 0x00000000eb180000)
  object space 30720K, 28% used [0x00000000c1400000,0x00000000c1c684f0,0x00000000c3200000)
 Metaspace       used 33612K, capacity 35350K, committed 35496K, reserved 1081344K
  class space    used 4242K, capacity 4576K, committed 4608K, reserved 1048576K
Event: 6.686 GC heap after
Heap after GC invocations=11 (full 1):
 PSYoungGen      total 183296K, used 9703K [0x00000000eb180000, 0x00000000f7100000, 0x0000000100000000)
  eden space 173568K, 0% used [0x00000000eb180000,0x00000000eb180000,0x00000000f5b00000)
  from space 9728K, 99% used [0x00000000f6780000,0x00000000f70f9e00,0x00000000f7100000)
  to   space 11264K, 0% used [0x00000000f5b00000,0x00000000f5b00000,0x00000000f6600000)
 ParOldGen       total 30720K, used 8729K [0x00000000c1400000, 0x00000000c3200000, 0x00000000eb180000)
  object space 30720K, 28% used [0x00000000c1400000,0x00000000c1c86500,0x00000000c3200000)
 Metaspace       used 33612K, capacity 35350K, committed 35496K, reserved 1081344K
  class space    used 4242K, capacity 4576K, committed 4608K, reserved 1048576K
}
Event: 6.686 GC heap before
{Heap before GC invocations=12 (full 2):
 PSYoungGen      total 183296K, used 9703K [0x00000000eb180000, 0x00000000f7100000, 0x0000000100000000)
  eden space 173568K, 0% used [0x00000000eb180000,0x00000000eb180000,0x00000000f5b00000)
  from space 9728K, 99% used [0x00000000f6780000,0x00000000f70f9e00,0x00000000f7100000)
  to   space 11264K, 0% used [0x00000000f5b00000,0x00000000f5b00000,0x00000000f6600000)
 ParOldGen       total 30720K, used 8729K [0x00000000c1400000, 0x00000000c3200000, 0x00000000eb180000)
  object space 30720K, 28% used [0x00000000c1400000,0x00000000c1c86500,0x00000000c3200000)
 Metaspace       used 33612K, capacity 35350K, committed 35496K, reserved 1081344K
  class space    used 4242K, capacity 4576K, committed 4608K, reserved 1048576K
Event: 6.743 GC heap after
Heap after GC invocations=12 (full 2):
 PSYoungGen      total 183296K, used 0K [0x00000000eb180000, 0x00000000f7100000, 0x0000000100000000)
  eden space 173568K, 0% used [0x00000000eb180000,0x00000000eb180000,0x00000000f5b00000)
  from space 9728K, 0% used [0x00000000f6780000,0x00000000f6780000,0x00000000f7100000)
  to   space 11264K, 0% used [0x00000000f5b00000,0x00000000f5b00000,0x00000000f6600000)
 ParOldGen       total 48128K, used 14826K [0x00000000c1400000, 0x00000000c4300000, 0x00000000eb180000)
  object space 48128K, 30% used [0x00000000c1400000,0x00000000c227a898,0x00000000c4300000)
 Metaspace       used 33612K, capacity 35350K, committed 35496K, reserved 1081344K
  class space    used 4242K, capacity 4576K, committed 4608K, reserved 1048576K
}
Event: 10.812 GC heap before
{Heap before GC invocations=13 (full 2):
 PSYoungGen      total 183296K, used 173568K [0x00000000eb180000, 0x00000000f7100000, 0x0000000100000000)
  eden space 173568K, 100% used [0x00000000eb180000,0x00000000f5b00000,0x00000000f5b00000)
  from space 9728K, 0% used [0x00000000f6780000,0x00000000f6780000,0x00000000f7100000)
  to   space 11264K, 0% used [0x00000000f5b00000,0x00000000f5b00000,0x00000000f6600000)
 ParOldGen       total 48128K, used 14826K [0x00000000c1400000, 0x00000000c4300000, 0x00000000eb180000)
  object space 48128K, 30% used [0x00000000c1400000,0x00000000c227a898,0x00000000c4300000)
 Metaspace       used 51188K, capacity 53314K, committed 53632K, reserved 1095680K
  class space    used 6810K, capacity 7207K, committed 7296K, reserved 1048576K
Event: 10.848 GC heap after
Heap after GC invocations=13 (full 2):
 PSYoungGen      total 184832K, used 11263K [0x00000000eb180000, 0x00000000fb680000, 0x0000000100000000)
  eden space 173568K, 0% used [0x00000000eb180000,0x00000000eb180000,0x00000000f5b00000)
  from space 11264K, 99% used [0x00000000f5b00000,0x00000000f65ffd28,0x00000000f6600000)
  to   space 16384K, 0% used [0x00000000fa680000,0x00000000fa680000,0x00000000fb680000)
 ParOldGen       total 48128K, used 24791K [0x00000000c1400000, 0x00000000c4300000, 0x00000000eb180000)
  object space 48128K, 51% used [0x00000000c1400000,0x00000000c2c35cd8,0x00000000c4300000)
 Metaspace       used 51188K, capacity 53314K, committed 53632K, reserved 1095680K
  class space    used 6810K, capacity 7207K, committed 7296K, reserved 1048576K
}
Event: 27.168 GC heap before
{Heap before GC invocations=14 (full 2):
 PSYoungGen      total 184832K, used 72815K [0x00000000eb180000, 0x00000000fb680000, 0x0000000100000000)
  eden space 173568K, 35% used [0x00000000eb180000,0x00000000eed9bf30,0x00000000f5b00000)
  from space 11264K, 99% used [0x00000000f5b00000,0x00000000f65ffd28,0x00000000f6600000)
  to   space 16384K, 0% used [0x00000000fa680000,0x00000000fa680000,0x00000000fb680000)
 ParOldGen       total 48128K, used 24791K [0x00000000c1400000, 0x00000000c4300000, 0x00000000eb180000)
  object space 48128K, 51% used [0x00000000c1400000,0x00000000c2c35cd8,0x00000000c4300000)
 Metaspace       used 56582K, capacity 59092K, committed 59136K, reserved 1099776K
  class space    used 7497K, capacity 7928K, committed 7936K, reserved 1048576K
Event: 27.202 GC heap after
Heap after GC invocations=14 (full 2):
 PSYoungGen      total 236544K, used 6127K [0x00000000eb180000, 0x00000000faf00000, 0x0000000100000000)
  eden space 227840K, 0% used [0x00000000eb180000,0x00000000eb180000,0x00000000f9000000)
  from space 8704K, 70% used [0x00000000fa680000,0x00000000fac7bff0,0x00000000faf00000)
  to   space 15872K, 0% used [0x00000000f9000000,0x00000000f9000000,0x00000000f9f80000)
 ParOldGen       total 48128K, used 32820K [0x00000000c1400000, 0x00000000c4300000, 0x00000000eb180000)
  object space 48128K, 68% used [0x00000000c1400000,0x00000000c340d008,0x00000000c4300000)
 Metaspace       used 56582K, capacity 59092K, committed 59136K, reserved 1099776K
  class space    used 7497K, capacity 7928K, committed 7936K, reserved 1048576K
}
Event: 27.202 GC heap before
{Heap before GC invocations=15 (full 3):
 PSYoungGen      total 236544K, used 6127K [0x00000000eb180000, 0x00000000faf00000, 0x0000000100000000)
  eden space 227840K, 0% used [0x00000000eb180000,0x00000000eb180000,0x00000000f9000000)
  from space 8704K, 70% used [0x00000000fa680000,0x00000000fac7bff0,0x00000000faf00000)
  to   space 15872K, 0% used [0x00000000f9000000,0x00000000f9000000,0x00000000f9f80000)
 ParOldGen       total 48128K, used 32820K [0x00000000c1400000, 0x00000000c4300000, 0x00000000eb180000)
  object space 48128K, 68% used [0x00000000c1400000,0x00000000c340d008,0x00000000c4300000)
 Metaspace       used 56582K, capacity 59092K, committed 59136K, reserved 1099776K
  class space    used 7497K, capacity 7928K, committed 7936K, reserved 1048576K
Event: 27.454 GC heap after
Heap after GC invocations=15 (full 3):
 PSYoungGen      total 236544K, used 0K [0x00000000eb180000, 0x00000000faf00000, 0x0000000100000000)
  eden space 227840K, 0% used [0x00000000eb180000,0x00000000eb180000,0x00000000f9000000)
  from space 8704K, 0% used [0x00000000fa680000,0x00000000fa680000,0x00000000faf00000)
  to   space 15872K, 0% used [0x00000000f9000000,0x00000000f9000000,0x00000000f9f80000)
 ParOldGen       total 70144K, used 23532K [0x00000000c1400000, 0x00000000c5880000, 0x00000000eb180000)
  object space 70144K, 33% used [0x00000000c1400000,0x00000000c2afb140,0x00000000c5880000)
 Metaspace       used 56582K, capacity 59092K, committed 59136K, reserved 1099776K
  class space    used 7497K, capacity 7928K, committed 7936K, reserved 1048576K
}

